<?xml version="1.0" encoding="UTF-8"?>
<testsuite name="Prueba de carga masiva" tests="1" skipped="0" failures="1" errors="0" timestamp="2024-09-16T21:37:32" hostname="PE-HO-ACH-013" time="72.11">
  <properties/>
  <testcase name="Realizar una Carga Masiva Exitosa" classname="Prueba de carga masiva" time="72.11">
    <failure message="org.openqa.selenium.TimeoutException: Expected condition failed: waiting for element to be clickable: By.xpath: //button[contains(text(),'Generar Archivo de Control')] (tried for 30 second(s) with 500 milliseconds interval)&#10;Build info: version: '3.141.59', revision: 'e82be7d358', time: '2018-11-14T08:17:03'&#10;System info: host: 'PE-HO-ACH-013', ip: '192.168.10.11', os.name: 'Windows 10', os.arch: 'amd64', os.version: '10.0', java.version: '17.0.10'&#10;Driver info: net.thucydides.core.webdriver.WebDriverFacade" type="org.openqa.selenium.TimeoutException">org.openqa.selenium.TimeoutException: Expected condition failed: waiting for element to be clickable: By.xpath: //button[contains(text(),'Generar Archivo de Control')] (tried for 30 second(s) with 500 milliseconds interval)
Build info: version: '3.141.59', revision: 'e82be7d358', time: '2018-11-14T08:17:03'
System info: host: 'PE-HO-ACH-013', ip: '192.168.10.11', os.name: 'Windows 10', os.arch: 'amd64', os.version: '10.0', java.version: '17.0.10'
Driver info: net.thucydides.core.webdriver.WebDriverFacade
	at app//org.openqa.selenium.support.ui.WebDriverWait.timeoutException(WebDriverWait.java:95)
	at app//org.openqa.selenium.support.ui.FluentWait.until(FluentWait.java:272)
	at app//com.integra.ach.utils.EsperaExplicita.esperaexplilicitaClick(EsperaExplicita.java:14)
	at app//com.integra.ach.steps.IntegraCargaMasivaStep.clickBotonGenerarArchivoControl(IntegraCargaMasivaStep.java:34)
	at app//com.integra.ach.steps.IntegraCargaMasivaStep$$EnhancerByCGLIB$$b83d42d7.CGLIB$clickBotonGenerarArchivoControl$2(&lt;generated&gt;)
	at app//com.integra.ach.steps.IntegraCargaMasivaStep$$EnhancerByCGLIB$$b83d42d7$$FastClassByCGLIB$$6b5071c5.invoke(&lt;generated&gt;)
	at app//net.sf.cglib.proxy.MethodProxy.invokeSuper(MethodProxy.java:228)
	at app//net.thucydides.core.steps.StepInterceptor.invokeMethod(StepInterceptor.java:460)
	at app//net.thucydides.core.steps.StepInterceptor.executeTestStepMethod(StepInterceptor.java:445)
	at app//net.thucydides.core.steps.StepInterceptor.runTestStep(StepInterceptor.java:420)
	at app//net.thucydides.core.steps.StepInterceptor.runOrSkipMethod(StepInterceptor.java:175)
	at app//net.thucydides.core.steps.StepInterceptor.testStepResult(StepInterceptor.java:162)
	at app//net.thucydides.core.steps.StepInterceptor.intercept(StepInterceptor.java:68)
	at app//com.integra.ach.steps.IntegraCargaMasivaStep$$EnhancerByCGLIB$$b83d42d7.clickBotonGenerarArchivoControl(&lt;generated&gt;)
	at app//com.integra.ach.stepDefinitions.CargaMasivaExitosoStepDefinition.ingresarAModulodeCiclosYRealizoCargaMasiva(CargaMasivaExitosoStepDefinition.java:37)
	at ✽.Ingresar a carga masiva y realizo la carga masiva(src/test/resources/com.integra.ach.features/CargaMasiva.feature:7)
</failure>
  </testcase>
  <system-out><![CDATA[]]></system-out>
  <system-err><![CDATA[Cleaning up unclosed ZipFile for archive C:\Users\vivianagaviria\OneDrive - Periferia IT Group\Documentos\INTEGRA\AUTOMATIZACIÓN\HubDePagos_Flujo1.1\.\src\test\resources\Data\Data_CargaMasiva.xlsx
sep. 16, 2024 4:37:33 P. M. org.openqa.selenium.remote.DesiredCapabilities chrome
INFO: Using `new ChromeOptions()` is preferred to `DesiredCapabilities.chrome()`
[Test worker] INFO net.serenitybdd.core.webdriver.driverproviders.ProvideNewDriver - Instantiating driver
[Test worker] INFO net.serenitybdd.core.webdriver.driverproviders.ProvideNewDriver - Driver capabilities: Capabilities {acceptInsecureCerts: false, browserName: chrome, chrome.switches: --start-maximized --disable..., goog:chromeOptions: {args: [--start-maximized, --disable-popup-blocking, --ignore-certificate-errors], extensions: []}, loggingPrefs: org.openqa.selenium.logging..., platform: ANY, version: }
Starting ChromeDriver 127.0.6533.57 (d4459446bf8a5dbb9ba3b4a3675f9b4361323538-refs/branch-heads/6533@{#1561}) on port 18459
Only local connections are allowed.
Please see https://chromedriver.chromium.org/security-considerations for suggestions on keeping ChromeDriver safe.
ChromeDriver was started successfully.
[1726522659.019][WARNING]: This version of ChromeDriver has not been tested with Chrome version 128.
sep. 16, 2024 4:37:41 P. M. org.openqa.selenium.remote.ProtocolHandshake createSession
INFO: Detected dialect: W3C
[Test worker] ERROR net.thucydides.core.steps.ConsoleLoggingListener - 
           __  _____ _____ ____ _____   _____ _    ___ _     _____ ____  
  _       / / |_   _| ____/ ___|_   _| |  ___/ \  |_ _| |   | ____|  _ \ 
 (_)_____| |    | | |  _| \___ \ | |   | |_ / _ \  | || |   |  _| | | | |
  _|_____| |    | | | |___ ___) || |   |  _/ ___ \ | || |___| |___| |_| |
 (_)     | |    |_| |_____|____/ |_|   |_|/_/   \_\___|_____|_____|____/ 
          \_\                                                            

TEST FAILED WITH ERROR: Realizar una Carga Masiva Exitosa
---------------------------------------------------------------------
[Test worker] ERROR net.thucydides.core.steps.ConsoleLoggingListener - TEST FAILED AT STEP Click boton generar archivo control
[Test worker] ERROR net.thucydides.core.steps.ConsoleLoggingListener - Expected condition failed: waiting for element to be clickable: By.xpath: //button[contains(text(),'Generar Archivo de Control')] (tried for 30 second(s) with 500 milliseconds interval)Build info: version: '3.141.59', revision: 'e82be7d358', time: '2018-11-14T08:17:03'System info: host: 'PE-HO-ACH-013', ip: '192.168.10.11', os.name: 'Windows 10', os.arch: 'amd64', os.version: '10.0', java.version: '17.0.10'Driver info: net.thucydides.core.webdriver.WebDriverFacadeBuild info: version: '3.141.59', revision: 'e82be7d358', time: '2018-11-14T08:17:03'System info: host: 'PE-HO-ACH-013', ip: '192.168.10.11', os.name: 'Windows 10', os.arch: 'amd64', os.version: '10.0', java.version: '17.0.10'Driver info: driver.version: unknown
]]></system-err>
</testsuite>
