<!DOCTYPE html>
<html>
<head>
<meta http-equiv="Content-Type" content="text/html; charset=utf-8"/>
<meta http-equiv="x-ua-compatible" content="IE=edge"/>
<title>Test results - Class Prueba de carga masiva</title>
<link href="../css/base-style.css" rel="stylesheet" type="text/css"/>
<link href="../css/style.css" rel="stylesheet" type="text/css"/>
<script src="../js/report.js" type="text/javascript"></script>
</head>
<body>
<div id="content">
<h1>Class Prueba de carga masiva</h1>
<div class="breadcrumbs">
<a href="../index.html">all</a> &gt; 
<a href="../packages/default-package.html">default-package</a> &gt; Prueba de carga masiva</div>
<div id="summary">
<table>
<tr>
<td>
<div class="summaryGroup">
<table>
<tr>
<td>
<div class="infoBox" id="tests">
<div class="counter">1</div>
<p>tests</p>
</div>
</td>
<td>
<div class="infoBox" id="failures">
<div class="counter">1</div>
<p>failures</p>
</div>
</td>
<td>
<div class="infoBox" id="ignored">
<div class="counter">0</div>
<p>ignored</p>
</div>
</td>
<td>
<div class="infoBox" id="duration">
<div class="counter">1m12.11s</div>
<p>duration</p>
</div>
</td>
</tr>
</table>
</div>
</td>
<td>
<div class="infoBox failures" id="successRate">
<div class="percent">0%</div>
<p>successful</p>
</div>
</td>
</tr>
</table>
</div>
<div id="tabs">
<ul class="tabLinks">
<li>
<a href="#tab0">Failed tests</a>
</li>
<li>
<a href="#tab1">Tests</a>
</li>
<li>
<a href="#tab2">Standard error</a>
</li>
</ul>
<div id="tab0" class="tab">
<h2>Failed tests</h2>
<div class="test">
<a name="Realizar una Carga Masiva Exitosa"></a>
<h3 class="failures">Realizar una Carga Masiva Exitosa</h3>
<span class="code">
<pre>org.openqa.selenium.TimeoutException: Expected condition failed: waiting for element to be clickable: By.xpath: //button[contains(text(),'Generar Archivo de Control')] (tried for 30 second(s) with 500 milliseconds interval)
Build info: version: '3.141.59', revision: 'e82be7d358', time: '2018-11-14T08:17:03'
System info: host: 'PE-HO-ACH-013', ip: '192.168.10.11', os.name: 'Windows 10', os.arch: 'amd64', os.version: '10.0', java.version: '17.0.10'
Driver info: net.thucydides.core.webdriver.WebDriverFacade
	at app//org.openqa.selenium.support.ui.WebDriverWait.timeoutException(WebDriverWait.java:95)
	at app//org.openqa.selenium.support.ui.FluentWait.until(FluentWait.java:272)
	at app//com.integra.ach.utils.EsperaExplicita.esperaexplilicitaClick(EsperaExplicita.java:14)
	at app//com.integra.ach.steps.IntegraCargaMasivaStep.clickBotonGenerarArchivoControl(IntegraCargaMasivaStep.java:34)
	at app//com.integra.ach.steps.IntegraCargaMasivaStep$$EnhancerByCGLIB$$b83d42d7.CGLIB$clickBotonGenerarArchivoControl$2(&lt;generated&gt;)
	at app//com.integra.ach.steps.IntegraCargaMasivaStep$$EnhancerByCGLIB$$b83d42d7$$FastClassByCGLIB$$6b5071c5.invoke(&lt;generated&gt;)
	at app//net.sf.cglib.proxy.MethodProxy.invokeSuper(MethodProxy.java:228)
	at app//net.thucydides.core.steps.StepInterceptor.invokeMethod(StepInterceptor.java:460)
	at app//net.thucydides.core.steps.StepInterceptor.executeTestStepMethod(StepInterceptor.java:445)
	at app//net.thucydides.core.steps.StepInterceptor.runTestStep(StepInterceptor.java:420)
	at app//net.thucydides.core.steps.StepInterceptor.runOrSkipMethod(StepInterceptor.java:175)
	at app//net.thucydides.core.steps.StepInterceptor.testStepResult(StepInterceptor.java:162)
	at app//net.thucydides.core.steps.StepInterceptor.intercept(StepInterceptor.java:68)
	at app//com.integra.ach.steps.IntegraCargaMasivaStep$$EnhancerByCGLIB$$b83d42d7.clickBotonGenerarArchivoControl(&lt;generated&gt;)
	at app//com.integra.ach.stepDefinitions.CargaMasivaExitosoStepDefinition.ingresarAModulodeCiclosYRealizoCargaMasiva(CargaMasivaExitosoStepDefinition.java:37)
	at ✽.Ingresar a carga masiva y realizo la carga masiva(src/test/resources/com.integra.ach.features/CargaMasiva.feature:7)
</pre>
</span>
</div>
</div>
<div id="tab1" class="tab">
<h2>Tests</h2>
<table>
<thead>
<tr>
<th>Test</th>
<th>Duration</th>
<th>Result</th>
</tr>
</thead>
<tr>
<td class="failures">Realizar una Carga Masiva Exitosa</td>
<td class="failures">1m12.11s</td>
<td class="failures">failed</td>
</tr>
</table>
</div>
<div id="tab2" class="tab">
<h2>Standard error</h2>
<span class="code">
<pre>Cleaning up unclosed ZipFile for archive C:\Users\vivianagaviria\OneDrive - Periferia IT Group\Documentos\INTEGRA\AUTOMATIZACIÓN\HubDePagos_Flujo1.1\.\src\test\resources\Data\Data_CargaMasiva.xlsx
sep. 16, 2024 4:37:33 P. M. org.openqa.selenium.remote.DesiredCapabilities chrome
INFO: Using `new ChromeOptions()` is preferred to `DesiredCapabilities.chrome()`
[Test worker] INFO net.serenitybdd.core.webdriver.driverproviders.ProvideNewDriver - Instantiating driver
[Test worker] INFO net.serenitybdd.core.webdriver.driverproviders.ProvideNewDriver - Driver capabilities: Capabilities {acceptInsecureCerts: false, browserName: chrome, chrome.switches: --start-maximized --disable..., goog:chromeOptions: {args: [--start-maximized, --disable-popup-blocking, --ignore-certificate-errors], extensions: []}, loggingPrefs: org.openqa.selenium.logging..., platform: ANY, version: }
Starting ChromeDriver 127.0.6533.57 (d4459446bf8a5dbb9ba3b4a3675f9b4361323538-refs/branch-heads/6533@{#1561}) on port 18459
Only local connections are allowed.
Please see https://chromedriver.chromium.org/security-considerations for suggestions on keeping ChromeDriver safe.
ChromeDriver was started successfully.
[1726522659.019][WARNING]: This version of ChromeDriver has not been tested with Chrome version 128.
sep. 16, 2024 4:37:41 P. M. org.openqa.selenium.remote.ProtocolHandshake createSession
INFO: Detected dialect: W3C
[Test worker] ERROR net.thucydides.core.steps.ConsoleLoggingListener - 
           __  _____ _____ ____ _____   _____ _    ___ _     _____ ____  
  _       / / |_   _| ____/ ___|_   _| |  ___/ \  |_ _| |   | ____|  _ \ 
 (_)_____| |    | | |  _| \___ \ | |   | |_ / _ \  | || |   |  _| | | | |
  _|_____| |    | | | |___ ___) || |   |  _/ ___ \ | || |___| |___| |_| |
 (_)     | |    |_| |_____|____/ |_|   |_|/_/   \_\___|_____|_____|____/ 
          \_\                                                            

TEST FAILED WITH ERROR: Realizar una Carga Masiva Exitosa
---------------------------------------------------------------------
[Test worker] ERROR net.thucydides.core.steps.ConsoleLoggingListener - TEST FAILED AT STEP Click boton generar archivo control
[Test worker] ERROR net.thucydides.core.steps.ConsoleLoggingListener - Expected condition failed: waiting for element to be clickable: By.xpath: //button[contains(text(),'Generar Archivo de Control')] (tried for 30 second(s) with 500 milliseconds interval)Build info: version: '3.141.59', revision: 'e82be7d358', time: '2018-11-14T08:17:03'System info: host: 'PE-HO-ACH-013', ip: '192.168.10.11', os.name: 'Windows 10', os.arch: 'amd64', os.version: '10.0', java.version: '17.0.10'Driver info: net.thucydides.core.webdriver.WebDriverFacadeBuild info: version: '3.141.59', revision: 'e82be7d358', time: '2018-11-14T08:17:03'System info: host: 'PE-HO-ACH-013', ip: '192.168.10.11', os.name: 'Windows 10', os.arch: 'amd64', os.version: '10.0', java.version: '17.0.10'Driver info: driver.version: unknown
</pre>
</span>
</div>
</div>
<div id="footer">
<p>
<div>
<label class="hidden" id="label-for-line-wrapping-toggle" for="line-wrapping-toggle">Wrap lines
<input id="line-wrapping-toggle" type="checkbox" autocomplete="off"/>
</label>
</div>Generated by 
<a href="http://www.gradle.org">Gradle 7.4</a> at 16/09/2024, 4:38:49 p. m.</p>
</div>
</div>
</body>
</html>
